c:\foxtasks\foxtasks\task05\task05\task05\x64\debug\vc142.pdb
c:\foxtasks\foxtasks\task05\task05\task05\x64\debug\vc142.idb
c:\foxtasks\foxtasks\task05\task05\task05\x64\debug\wrongmatrixsizeexception.obj
c:\foxtasks\foxtasks\task05\task05\task05\x64\debug\wrongmatrixoperandexception.obj
c:\foxtasks\foxtasks\task05\task05\task05\x64\debug\usualsorter.obj
c:\foxtasks\foxtasks\task05\task05\task05\x64\debug\task05.obj
c:\foxtasks\foxtasks\task05\task05\task05\x64\debug\quicksorter.obj
c:\foxtasks\foxtasks\task05\task05\task05\x64\debug\matrixexception.obj
c:\foxtasks\foxtasks\task05\task05\task05\x64\debug\matrix.obj
c:\foxtasks\foxtasks\task05\task05\task05\x64\debug\iteratorcontainer.obj
c:\foxtasks\foxtasks\task05\task05\task05\x64\debug\fileloader.obj
c:\foxtasks\foxtasks\task05\task05\task05\x64\debug\containerexceptions.obj
c:\foxtasks\foxtasks\task05\task05\task05\x64\debug\consoleloader.obj
c:\foxtasks\foxtasks\task05\task05\x64\debug\task05.exe
c:\foxtasks\foxtasks\task05\task05\task05\x64\debug\task05.ilk
c:\foxtasks\foxtasks\task05\task05\x64\debug\task05.pdb
c:\foxtasks\foxtasks\task05\task05\task05\x64\debug\task05.tlog\cl.command.1.tlog
c:\foxtasks\foxtasks\task05\task05\task05\x64\debug\task05.tlog\cl.read.1.tlog
c:\foxtasks\foxtasks\task05\task05\task05\x64\debug\task05.tlog\cl.write.1.tlog
c:\foxtasks\foxtasks\task05\task05\task05\x64\debug\task05.tlog\link.command.1.tlog
c:\foxtasks\foxtasks\task05\task05\task05\x64\debug\task05.tlog\link.read.1.tlog
c:\foxtasks\foxtasks\task05\task05\task05\x64\debug\task05.tlog\link.write.1.tlog
